<?xml version="1.0" encoding="utf-8"?><testsuites name="pytest tests"><testsuite name="pytest" errors="0" failures="0" skipped="0" tests="11" time="4.976" timestamp="2026-06-09T13:54:13.695078+00:00" hostname="agent-env-4b981375-03dd-4bcb-8e74-8cb44881ec61"><testcase classname="backend.tests.test_iteration2" name="test_00_admin_login" time="0.508" /><testcase classname="backend.tests.test_iteration2" name="test_01_teams_48_swedish_names" time="0.151" /><testcase classname="backend.tests.test_iteration2" name="test_02_matches_104_with_metadata" time="0.162" /><testcase classname="backend.tests.test_iteration2" name="test_03_standings_12_groups" time="0.140" /><testcase classname="backend.tests.test_iteration2" name="test_04_tournament_prediction_group_rankings_uniqueness" time="0.725" /><testcase classname="backend.tests.test_iteration2" name="test_05_v1_deadline_get_set_and_late_flag" time="0.690" /><testcase classname="backend.tests.test_iteration2" name="test_06_team_disqualify_and_reinstate" time="1.257" /><testcase classname="backend.tests.test_iteration2" name="test_07_audit_log_has_entries" time="0.120" /><testcase classname="backend.tests.test_iteration2" name="test_08_import_preview" time="0.148" /><testcase classname="backend.tests.test_iteration2" name="test_09_progression_W_placeholder_resolution" time="0.883" /><testcase classname="backend.tests.test_iteration2" name="test_99_cleanup" time="0.106" /></testsuite></testsuites>