<?xml version="1.0" encoding="utf-8"?><testsuites name="pytest tests"><testsuite name="pytest" errors="0" failures="0" skipped="0" tests="8" time="2.328" timestamp="2026-06-09T14:26:26.020514+00:00" hostname="agent-env-4b981375-03dd-4bcb-8e74-8cb44881ec61"><testcase classname="backend.tests.test_iteration4" name="test_regression_matches_teams_leaderboard" time="0.667" /><testcase classname="backend.tests.test_iteration4" name="test_auth_me" time="0.053" /><testcase classname="backend.tests.test_iteration4" name="test_v1_deadline_default_present" time="0.048" /><testcase classname="backend.tests.test_iteration4" name="test_prediction_locked_when_within_5min" time="0.203" /><testcase classname="backend.tests.test_iteration4" name="test_prediction_open_when_more_than_5min" time="0.209" /><testcase classname="backend.tests.test_iteration4" name="test_match_predictions_locked_for_non_finished" time="0.152" /><testcase classname="backend.tests.test_iteration4" name="test_match_predictions_locked_for_regular_user" time="0.674" /><testcase classname="backend.tests.test_iteration4" name="test_tp_late_flag_stored" time="0.200" /></testsuite></testsuites>