<?xml version="1.0" encoding="utf-8"?><testsuites name="pytest tests"><testsuite name="pytest" errors="0" failures="0" skipped="0" tests="18" time="9.498" timestamp="2026-06-09T13:55:31.679909+00:00" hostname="agent-env-4b981375-03dd-4bcb-8e74-8cb44881ec61"><testcase classname="backend.tests.backend_test" name="test_admin_login" time="2.393" /><testcase classname="backend.tests.backend_test" name="test_auth_me" time="0.107" /><testcase classname="backend.tests.backend_test" name="test_register_non_invited_403" time="0.129" /><testcase classname="backend.tests.backend_test" name="test_admin_invite_then_register" time="0.444" /><testcase classname="backend.tests.backend_test" name="test_teams_48" time="0.117" /><testcase classname="backend.tests.backend_test" name="test_team_groups_12" time="0.096" /><testcase classname="backend.tests.backend_test" name="test_matches_with_teams" time="0.114" /><testcase classname="backend.tests.backend_test" name="test_non_admin_create_match_forbidden" time="0.119" /><testcase classname="backend.tests.backend_test" name="test_prediction_create_and_upsert" time="0.339" /><testcase classname="backend.tests.backend_test" name="test_prediction_locked_after_kickoff" time="0.350" /><testcase classname="backend.tests.backend_test" name="test_scoring_exact_match_10pts" time="0.745" /><testcase classname="backend.tests.backend_test" name="test_leaderboard_structure" time="0.135" /><testcase classname="backend.tests.backend_test" name="test_tournament_prediction_upsert" time="1.960" /><testcase classname="backend.tests.backend_test" name="test_admin_users_requires_admin" time="1.446" /><testcase classname="backend.tests.backend_test" name="test_admin_invites_requires_admin" time="0.240" /><testcase classname="backend.tests.backend_test" name="test_admin_toggle_role" time="0.218" /><testcase classname="backend.tests.backend_test" name="test_admin_strategy_points" time="0.244" /><testcase classname="backend.tests.backend_test" name="test_cleanup" time="0.234" /></testsuite></testsuites>