<?xml version="1.0" encoding="utf-8"?><testsuites name="pytest tests"><testsuite name="pytest" errors="0" failures="0" skipped="0" tests="23" time="7.488" timestamp="2026-06-09T14:52:39.132488+00:00" hostname="agent-env-4b981375-03dd-4bcb-8e74-8cb44881ec61"><testcase classname="backend.tests.test_iteration5" name="test_health_login" time="0.518" /><testcase classname="backend.tests.test_iteration5" name="test_matches_count" time="0.138" /><testcase classname="backend.tests.test_iteration5" name="test_teams_count" time="0.125" /><testcase classname="backend.tests.test_iteration5" name="test_leaderboard" time="0.106" /><testcase classname="backend.tests.test_iteration5" name="test_tp_rejects_fewer_than_4" time="0.555" /><testcase classname="backend.tests.test_iteration5" name="test_tp_rejects_empty_placement" time="0.065" /><testcase classname="backend.tests.test_iteration5" name="test_tp_rejects_duplicates" time="0.086" /><testcase classname="backend.tests.test_iteration5" name="test_tp_rejects_team_not_in_group" time="0.065" /><testcase classname="backend.tests.test_iteration5" name="test_tp_valid_payload_accepted" time="0.067" /><testcase classname="backend.tests.test_iteration5" name="test_tp_v2_locked_after_deadline" time="0.189" /><testcase classname="backend.tests.test_iteration5" name="test_deadlines_all" time="0.068" /><testcase classname="backend.tests.test_iteration5" name="test_set_v2_deadline_reflects" time="0.136" /><testcase classname="backend.tests.test_iteration5" name="test_deactivate_user_blocks_login" time="0.861" /><testcase classname="backend.tests.test_iteration5" name="test_reactivate_user" time="0.415" /><testcase classname="backend.tests.test_iteration5" name="test_ban_requires_reason" time="0.064" /><testcase classname="backend.tests.test_iteration5" name="test_ban_with_reason_and_me_blocked" time="0.438" /><testcase classname="backend.tests.test_iteration5" name="test_unban_restores" time="0.428" /><testcase classname="backend.tests.test_iteration5" name="test_audit_log_status_changes" time="0.074" /><testcase classname="backend.tests.test_iteration5" name="test_delete_wrong_confirmation" time="0.580" /><testcase classname="backend.tests.test_iteration5" name="test_delete_correct_confirmation" time="0.620" /><testcase classname="backend.tests.test_iteration5" name="test_cannot_delete_primary_admin" time="0.124" /><testcase classname="backend.tests.test_iteration5" name="test_leaderboard_only_active" time="0.860" /><testcase classname="backend.tests.test_iteration5" name="test_hof_crud" time="0.807" /></testsuite></testsuites>