<?xml version="1.0" encoding="utf-8"?><testsuites name="pytest tests"><testsuite name="pytest" errors="0" failures="0" skipped="0" tests="19" time="4.125" timestamp="2026-06-09T15:30:18.512682+00:00" hostname="agent-env-4b981375-03dd-4bcb-8e74-8cb44881ec61"><testcase classname="backend.tests.test_iteration6" name="test_strategy_versions_order_and_defaults" time="0.618" /><testcase classname="backend.tests.test_iteration6" name="test_r32_matches_list" time="0.056" /><testcase classname="backend.tests.test_iteration6" name="test_unknown_version_returns_404" time="0.051" /><testcase classname="backend.tests.test_iteration6" name="test_pre_tournament_valid_submission" time="0.511" /><testcase classname="backend.tests.test_iteration6" name="test_pre_tournament_rejects_duplicate" time="0.053" /><testcase classname="backend.tests.test_iteration6" name="test_pre_tournament_rejects_wrong_group" time="0.048" /><testcase classname="backend.tests.test_iteration6" name="test_r32_pick_invalid_match_id" time="0.053" /><testcase classname="backend.tests.test_iteration6" name="test_r32_pick_invalid_team_for_match" time="0.109" /><testcase classname="backend.tests.test_iteration6" name="test_r32_valid_pick_accepted" time="0.126" /><testcase classname="backend.tests.test_iteration6" name="test_override_closed_blocks_submission" time="0.177" /><testcase classname="backend.tests.test_iteration6" name="test_predictions_hidden_pre_deadline" time="0.485" /><testcase classname="backend.tests.test_iteration6" name="test_predictions_visible_after_closed_override" time="0.267" /><testcase classname="backend.tests.test_iteration6" name="test_override_audit_log" time="0.181" /><testcase classname="backend.tests.test_iteration6" name="test_override_open_forces_unlock" time="0.220" /><testcase classname="backend.tests.test_iteration6" name="test_recompute_endpoint" time="0.059" /><testcase classname="backend.tests.test_iteration6" name="test_regression_matches_104" time="0.159" /><testcase classname="backend.tests.test_iteration6" name="test_regression_teams_48" time="0.155" /><testcase classname="backend.tests.test_iteration6" name="test_regression_leaderboard" time="0.135" /><testcase classname="backend.tests.test_iteration6" name="test_regression_predictions_endpoint" time="0.567" /></testsuite></testsuites>